  INFO root [0x00004afc] [2021-09-30 15:17:30,515] - 
  INFO root [0x00004afc] [2021-09-30 15:17:30,515] - -----------------------------------------------------------------------------------------


  INFO root [0x00004afc] [2021-09-30 15:17:30,516] - Resmgr::initialize: KBE_ROOT=D:/UnrealEngineProject/kbengine-2.5.12/kbengine-2.5.12/
  INFO root [0x00004afc] [2021-09-30 15:17:30,516] - Resmgr::initialize: KBE_RES_PATH=D:/UnrealEngineProject/kbengine-2.5.12/kbengine-2.5.12/kbe/res/;D:/UnrealEngineProject/kbengine-2.5.12/kbengine-2.5.12/server_assets/;D:/UnrealEngineProject/kbengine-2.5.12/kbengine-2.5.12/server_assets/scripts/;D:/UnrealEngineProject/kbengine-2.5.12/kbengine-2.5.12/server_assets/res/
  INFO root [0x00004afc] [2021-09-30 15:17:30,527] - Resmgr::initialize: KBE_BIN_PATH=D:/UnrealEngineProject/kbengine-2.5.12/kbengine-2.5.12/kbe/bin/server/
  INFO root [0x00004afc] [2021-09-30 15:17:30,537] - NetworkInterface::initialize(INTERNAL-TCP): bound to all interfaces with default route interface on 192.168.31.145 ( 192.168.31.145:58279 )
  INFO root [0x00004afc] [2021-09-30 15:17:30,537] - NetworkInterface::initialize(INTERNAL-TCP): address 192.168.31.145:58279, SOMAXCONN=511.
  INFO root [0x00004afc] [2021-09-30 15:17:30,537] - server-configs:
  INFO root [0x00004afc] [2021-09-30 15:17:30,537] - 	gameUpdateHertz : 10
  INFO root [0x00004afc] [2021-09-30 15:17:30,537] - 	defaultViewRadius : 80
  INFO root [0x00004afc] [2021-09-30 15:17:30,538] - 	defaultViewHysteresisArea : 5
  INFO root [0x00004afc] [2021-09-30 15:17:30,538] - 	entryScriptFile : kbemain
  INFO root [0x00004afc] [2021-09-30 15:17:30,538] - 	internalTcpAddr : 192.168.31.145:58279
  INFO root [0x00004afc] [2021-09-30 15:17:30,538] - 	componentID : 8001
  WARN root [0x00004afc] [2021-09-30 15:17:30,538] - invalid UID(0) <= 0, please check UID for environment! automatically set to 12169.
  INFO root [0x00004afc] [2021-09-30 15:17:30,594] - Components::findLogger: found logger, addr:192.168.31.145:51387
  INFO root [0x00004afc] [2021-09-30 15:17:30,594] - Components::addComponent: reset orderLog, uid=12169!
  INFO root [0x00004afc] [2021-09-30 15:17:30,594] - Components::addComponent[logger], uid=12169, componentID=2000, globalorderid=1, grouporderid=1, totalcount=1
  INFO root [0x00004afc] [2021-09-30 15:17:30,598] - ---- cellapp Version: 2.5.10. ScriptVersion: 0.1.0. Pythoncore: 3.7.3. Protocol: 4478E9BD24C10143131E32BB1D739ABD. Config: Debug X64. Built: 14:54:15 Sep 29 2021. AppID: 8001. UID: 12169. PID: 14364 ----
  INFO root [0x00004afc] [2021-09-30 15:17:30,599] - Server Administrator: Intel(R) Core(TM) i7-8700 CPU @ 3.20GHz with 16710936kB RAM
  INFO root [0x00004afc] [2021-09-30 15:17:30,599] - ThreadPool::createThreadPool: creating  threadpool...
  INFO root [0x00004afc] [2021-09-30 15:17:30,599] - ThreadPool::createThreadPool: successfully(2), newThreadCount=1, normalMaxThreadCount=2, maxThreadCount=8
  INFO root [0x00004afc] [2021-09-30 15:17:30,788] - Script::install(): is successfully, Python=(3.7.3 (default, Sep 29 2021, 14:52:32) [MSC v.1928 64 bit (AMD64)])!
  INFO root [0x00004afc] [2021-09-30 15:17:30,788] - Script::install(): KBExtra is successfully!
  INFO root [0x00004afc] [2021-09-30 15:17:30,843] - TelnetServer server is running on port 50000
  INFO root [0x00004afc] [2021-09-30 15:17:31,089] - ---- cellapp is running ----
 DEBUG root [0x00004afc] [2021-09-30 15:17:31,089] - Components::process(): Request for the process of identity...
  WARN root [0x00004afc] [2021-09-30 15:17:37,363] - Forwarding logs to logger[192.168.31.145:51387/0/0/0]...
 ERROR root [0x00004afc] [2021-09-30 15:55:36,979] - Components::removeComponentByChannel: logger : 2000, Abnormal exit(reason=TCPPacketReceiver::processRecv(): error=10054
)! Channel(timestamp=628355404748, lastReceivedTime=628153124528, inactivityExceptionPeriod=599499745)
   OFF root [0x00004afc] [2021-09-30 15:55:36,984] - The following logs sent to logger failed:
  WARN root [0x00004afc] [2021-09-30 15:55:36,984] - ==> [2021-09-30 15:55:36 978] TCPPacketReceiver::processPendingEvents(192.168.31.145:51387): Throwing REASON_GENERAL_NETWORK - WSAECONNRESET
 ERROR root [0x00004afc] [2021-09-30 15:55:36,984] - ==> [2021-09-30 15:55:36 980] Components::removeComponentByChannel: logger : 2000, Abnormal exit(reason=TCPPacketReceiver::processRecv(): error=10054
)! Channel(timestamp=628355404748, lastReceivedTime=628153124528, inactivityExceptionPeriod=599499745)
  WARN root [0x00004afc] [2021-09-30 15:55:37,050] - TCPPacketReceiver::processPendingEvents(192.168.31.145:56080): Throwing REASON_GENERAL_NETWORK - WSAECONNRESET
 ERROR root [0x00004afc] [2021-09-30 15:55:37,051] - Components::removeComponentByChannel: dbmgr : 4000, Abnormal exit(reason=TCPPacketReceiver::processRecv(): error=10054
)! Channel(timestamp=628356135419, lastReceivedTime=628189658703, inactivityExceptionPeriod=599499745)
  INFO root [0x00004afc] [2021-09-30 15:55:37,056] - Shutdowner::onShutdownBegin: shutting down(period=0, tickPeriod=1)
  INFO root [0x00004afc] [2021-09-30 15:55:37,058] - Shutdowner::onShutdown: shutting down
  INFO root [0x00004afc] [2021-09-30 15:55:37,058] - Shutdowner::onShutdownEnd: shutting down
 DEBUG root [0x00004afc] [2021-09-30 15:55:37,059] - EntityRef::destroyObjPool(): size 0.
 DEBUG root [0x00004afc] [2021-09-30 15:55:37,059] - Witness::destroyObjPool(): size 0.
  INFO root [0x00004afc] [2021-09-30 15:55:37,196] - Script::uninstall(): is successfully!
 DEBUG root [0x00004afc] [2021-09-30 15:55:37,197] - ThreadPool::destroy(): starting size 2.
  INFO root [0x0000074c] [2021-09-30 15:55:55,795] - 
  INFO root [0x0000074c] [2021-09-30 15:55:55,795] - -----------------------------------------------------------------------------------------


  INFO root [0x0000074c] [2021-09-30 15:55:55,796] - Resmgr::initialize: KBE_ROOT=D:/UnrealEngineProject/kbengine-2.5.12/kbengine-2.5.12/
  INFO root [0x0000074c] [2021-09-30 15:55:55,796] - Resmgr::initialize: KBE_RES_PATH=D:/UnrealEngineProject/kbengine-2.5.12/kbengine-2.5.12/kbe/res/;D:/UnrealEngineProject/kbengine-2.5.12/kbengine-2.5.12/server_assets/;D:/UnrealEngineProject/kbengine-2.5.12/kbengine-2.5.12/server_assets/scripts/;D:/UnrealEngineProject/kbengine-2.5.12/kbengine-2.5.12/server_assets/res/
  INFO root [0x0000074c] [2021-09-30 15:55:55,797] - Resmgr::initialize: KBE_BIN_PATH=D:/UnrealEngineProject/kbengine-2.5.12/kbengine-2.5.12/kbe/bin/server/
  INFO root [0x0000074c] [2021-09-30 15:55:55,805] - NetworkInterface::initialize(INTERNAL-TCP): bound to all interfaces with default route interface on 192.168.31.145 ( 192.168.31.145:61167 )
  INFO root [0x0000074c] [2021-09-30 15:55:55,805] - NetworkInterface::initialize(INTERNAL-TCP): address 192.168.31.145:61167, SOMAXCONN=511.
  INFO root [0x0000074c] [2021-09-30 15:55:55,805] - server-configs:
  INFO root [0x0000074c] [2021-09-30 15:55:55,805] - 	gameUpdateHertz : 10
  INFO root [0x0000074c] [2021-09-30 15:55:55,805] - 	defaultViewRadius : 80
  INFO root [0x0000074c] [2021-09-30 15:55:55,805] - 	defaultViewHysteresisArea : 5
  INFO root [0x0000074c] [2021-09-30 15:55:55,805] - 	entryScriptFile : kbemain
  INFO root [0x0000074c] [2021-09-30 15:55:55,805] - 	internalTcpAddr : 192.168.31.145:61167
  INFO root [0x0000074c] [2021-09-30 15:55:55,805] - 	componentID : 8001
  WARN root [0x0000074c] [2021-09-30 15:55:55,806] - invalid UID(0) <= 0, please check UID for environment! automatically set to 12169.
  INFO root [0x0000074c] [2021-09-30 15:55:55,819] - Components::findLogger: found logger, addr:192.168.31.145:51763
  INFO root [0x0000074c] [2021-09-30 15:55:55,819] - Components::addComponent: reset orderLog, uid=12169!
  INFO root [0x0000074c] [2021-09-30 15:55:55,819] - Components::addComponent[logger], uid=12169, componentID=2000, globalorderid=1, grouporderid=1, totalcount=1
  INFO root [0x0000074c] [2021-09-30 15:55:55,823] - ---- cellapp Version: 2.5.10. ScriptVersion: 0.1.0. Pythoncore: 3.7.3. Protocol: 4478E9BD24C10143131E32BB1D739ABD. Config: Debug X64. Built: 14:54:15 Sep 29 2021. AppID: 8001. UID: 12169. PID: 13412 ----
  INFO root [0x0000074c] [2021-09-30 15:55:55,824] - Server Administrator: Intel(R) Core(TM) i7-8700 CPU @ 3.20GHz with 16710936kB RAM
  INFO root [0x0000074c] [2021-09-30 15:55:55,824] - ThreadPool::createThreadPool: creating  threadpool...
  INFO root [0x0000074c] [2021-09-30 15:55:55,824] - ThreadPool::createThreadPool: successfully(2), newThreadCount=1, normalMaxThreadCount=2, maxThreadCount=8
  INFO root [0x0000074c] [2021-09-30 15:55:56,024] - Script::install(): is successfully, Python=(3.7.3 (default, Sep 29 2021, 14:52:32) [MSC v.1928 64 bit (AMD64)])!
  INFO root [0x0000074c] [2021-09-30 15:55:56,024] - Script::install(): KBExtra is successfully!
  INFO root [0x0000074c] [2021-09-30 15:55:56,076] - TelnetServer server is running on port 50000
  INFO root [0x0000074c] [2021-09-30 15:55:56,310] - ---- cellapp is running ----
 DEBUG root [0x0000074c] [2021-09-30 15:55:56,310] - Components::process(): Request for the process of identity...
  WARN root [0x0000074c] [2021-09-30 15:56:02,505] - Forwarding logs to logger[192.168.31.145:51763/0/0/0]...
 ERROR root [0x0000074c] [2021-09-30 19:05:06,688] - Components::removeComponentByChannel: logger : 2000, Abnormal exit(reason=TCPPacketReceiver::processRecv(): error=10054
)! Channel(timestamp=742052489597, lastReceivedTime=741849448314, inactivityExceptionPeriod=599500000)
   OFF root [0x0000074c] [2021-09-30 19:05:06,986] - The following logs sent to logger failed:
