  INFO root [2021-09-30 15:17:19,817] - 
  INFO root [2021-09-30 15:17:19,818] - -----------------------------------------------------------------------------------------


  INFO root [2021-09-30 15:17:19,819] - Resmgr::initialize: KBE_ROOT=D:/UnrealEngineProject/kbengine-2.5.12/kbengine-2.5.12/
  INFO root [2021-09-30 15:17:19,819] - Resmgr::initialize: KBE_RES_PATH=D:/UnrealEngineProject/kbengine-2.5.12/kbengine-2.5.12/kbe/res/;D:/UnrealEngineProject/kbengine-2.5.12/kbengine-2.5.12/server_assets/;D:/UnrealEngineProject/kbengine-2.5.12/kbengine-2.5.12/server_assets/scripts/;D:/UnrealEngineProject/kbengine-2.5.12/kbengine-2.5.12/server_assets/res/
  INFO root [2021-09-30 15:17:19,837] - Resmgr::initialize: KBE_BIN_PATH=D:/UnrealEngineProject/kbengine-2.5.12/kbengine-2.5.12/kbe/bin/server/
  INFO root [2021-09-30 15:17:19,846] - NetworkInterface::initialize(INTERNAL-TCP): bound to all interfaces with default route interface on 192.168.31.145 ( 192.168.31.145:30099 )
  INFO root [2021-09-30 15:17:19,846] - NetworkInterface::initialize(INTERNAL-TCP): address 192.168.31.145:30099, SOMAXCONN=511.
  INFO root [2021-09-30 15:17:19,846] - server-configs:
  INFO root [2021-09-30 15:17:19,847] - 	internalTcpAddr : 192.168.31.145:30099
  INFO root [2021-09-30 15:17:19,847] - 	externalTcpAddr : %s
  INFO root [2021-09-30 15:17:19,847] - 	componentID : 3000
  WARN root [2021-09-30 15:17:19,847] - invalid UID(0) <= 0, please check UID for environment! automatically set to 12169.
  INFO root [2021-09-30 15:17:19,852] - ---- interfaces Version: 2.5.10. ScriptVersion: 0.1.0. Pythoncore: 3.7.3. Protocol: 8E28F900BDACB1CF950529838420D70F. Config: Debug X64. Built: 14:53:11 Sep 29 2021. AppID: 3000. UID: 12169. PID: 17516 ----
  INFO root [2021-09-30 15:17:19,853] - Server Administrator: Intel(R) Core(TM) i7-8700 CPU @ 3.20GHz with 16710936kB RAM
  INFO root [2021-09-30 15:17:19,853] - ThreadPool::createThreadPool: creating  threadpool...
  INFO root [2021-09-30 15:17:19,853] - ThreadPool::createThreadPool: successfully(2), newThreadCount=1, normalMaxThreadCount=2, maxThreadCount=8
  INFO root [2021-09-30 15:17:20,047] - Script::install(): is successfully, Python=(3.7.3 (default, Sep 29 2021, 14:52:32) [MSC v.1928 64 bit (AMD64)])!
  INFO root [2021-09-30 15:17:20,047] - Script::install(): KBExtra is successfully!
S_INFO root [2021-09-30 15:17:20,284] - onInterfaceAppReady: bootstrapGroupIndex=0, bootstrapGlobalIndex=0
  INFO root [2021-09-30 15:17:20,285] - TelnetServer server is running on port 33000
  INFO root [2021-09-30 15:17:20,509] - ---- interfaces is running ----
 DEBUG root [2021-09-30 15:17:20,509] - Components::process(): Request for the process of identity...
  INFO root [2021-09-30 15:17:26,871] - ServerApp::onRegisterNewApp: uid:12169, username:Administrator, componentType:dbmgr, componentID:4000, globalorderID=-1, grouporderID=-1, intaddr:192.168.31.145, intport:56080, extaddr:nonsupport, extport:0,  from 127.0.0.1:56083/0/0/0.
  INFO root [2021-09-30 15:17:26,871] - Components::addComponent: reset orderLog, uid=12169!
  INFO root [2021-09-30 15:17:26,871] - Components::addComponent[dbmgr], uid=12169, componentID=4000, globalorderid=1, grouporderid=1, totalcount=1
  INFO root [2021-09-30 15:17:27,951] - Components::process(): Found all the components!
S_INFO root [2021-09-30 15:22:03,182] - onRequestCreateAccount: registerName=abc
S_INFO root [2021-09-30 15:22:04,429] - onRequestAccountLogin: registerName=abc
S_INFO root [2021-09-30 15:22:19,376] - onRequestCreateAccount: registerName=d1
S_INFO root [2021-09-30 15:22:20,448] - onRequestAccountLogin: registerName=d1
S_INFO root [2021-09-30 15:23:05,500] - onRequestCreateAccount: registerName=d1
S_INFO root [2021-09-30 15:23:11,963] - onRequestAccountLogin: registerName=d1
S_INFO root [2021-09-30 15:23:16,913] - onRequestAccountLogin: registerName=d1
S_INFO root [2021-09-30 15:25:49,360] - onRequestAccountLogin: registerName=d1
S_INFO root [2021-09-30 15:25:59,639] - onRequestCreateAccount: registerName=d2
S_INFO root [2021-09-30 15:26:02,086] - onRequestAccountLogin: registerName=d2
S_INFO root [2021-09-30 15:28:06,721] - onRequestCreateAccount: registerName=d3
S_INFO root [2021-09-30 15:28:08,758] - onRequestAccountLogin: registerName=d3
S_INFO root [2021-09-30 15:29:34,742] - onRequestAccountLogin: registerName=d3
S_INFO root [2021-09-30 15:29:37,882] - onRequestCreateAccount: registerName=d3
S_INFO root [2021-09-30 15:29:45,143] - onRequestCreateAccount: registerName=d4
S_INFO root [2021-09-30 15:29:54,762] - onRequestAccountLogin: registerName=d4
S_INFO root [2021-09-30 15:34:23,706] - onRequestCreateAccount: registerName=d5
S_INFO root [2021-09-30 15:34:33,264] - onRequestAccountLogin: registerName=d5
S_INFO root [2021-09-30 15:38:38,579] - onRequestCreateAccount: registerName=d6
S_INFO root [2021-09-30 15:38:39,639] - onRequestAccountLogin: registerName=d6
S_INFO root [2021-09-30 15:46:56,483] - onRequestCreateAccount: registerName=d6
S_INFO root [2021-09-30 15:46:59,195] - onRequestAccountLogin: registerName=d6
S_INFO root [2021-09-30 15:47:32,533] - onRequestCreateAccount: registerName=d7
S_INFO root [2021-09-30 15:48:08,244] - onRequestAccountLogin: registerName=d7
S_INFO root [2021-09-30 15:54:05,357] - onRequestCreateAccount: registerName=d9
S_INFO root [2021-09-30 15:54:08,827] - onRequestAccountLogin: registerName=d9
  WARN root [2021-09-30 15:55:37,050] - TCPPacketReceiver::processPendingEvents(127.0.0.1:56083): Throwing REASON_GENERAL_NETWORK - WSAECONNRESET
  INFO root [2021-09-30 15:55:37,051] - Components::removeComponentByChannel: dbmgr : 4000, Normal exit!
  INFO root [2021-09-30 15:55:52,051] - 
  INFO root [2021-09-30 15:55:52,051] - -----------------------------------------------------------------------------------------


  INFO root [2021-09-30 15:55:52,052] - Resmgr::initialize: KBE_ROOT=D:/UnrealEngineProject/kbengine-2.5.12/kbengine-2.5.12/
  INFO root [2021-09-30 15:55:52,052] - Resmgr::initialize: KBE_RES_PATH=D:/UnrealEngineProject/kbengine-2.5.12/kbengine-2.5.12/kbe/res/;D:/UnrealEngineProject/kbengine-2.5.12/kbengine-2.5.12/server_assets/;D:/UnrealEngineProject/kbengine-2.5.12/kbengine-2.5.12/server_assets/scripts/;D:/UnrealEngineProject/kbengine-2.5.12/kbengine-2.5.12/server_assets/res/
  INFO root [2021-09-30 15:55:52,052] - Resmgr::initialize: KBE_BIN_PATH=D:/UnrealEngineProject/kbengine-2.5.12/kbengine-2.5.12/kbe/bin/server/
  INFO root [2021-09-30 15:55:52,061] - NetworkInterface::initialize(INTERNAL-TCP): bound to all interfaces with default route interface on 192.168.31.145 ( 192.168.31.145:30099 )
  INFO root [2021-09-30 15:55:52,061] - NetworkInterface::initialize(INTERNAL-TCP): address 192.168.31.145:30099, SOMAXCONN=511.
  INFO root [2021-09-30 15:55:52,061] - server-configs:
  INFO root [2021-09-30 15:55:52,061] - 	internalTcpAddr : 192.168.31.145:30099
  INFO root [2021-09-30 15:55:52,061] - 	externalTcpAddr : %s
  INFO root [2021-09-30 15:55:52,061] - 	componentID : 3000
  WARN root [2021-09-30 15:55:52,061] - invalid UID(0) <= 0, please check UID for environment! automatically set to 12169.
  INFO root [2021-09-30 15:55:52,064] - ---- interfaces Version: 2.5.10. ScriptVersion: 0.1.0. Pythoncore: 3.7.3. Protocol: 8E28F900BDACB1CF950529838420D70F. Config: Debug X64. Built: 14:53:11 Sep 29 2021. AppID: 3000. UID: 12169. PID: 15052 ----
  INFO root [2021-09-30 15:55:52,065] - Server Administrator: Intel(R) Core(TM) i7-8700 CPU @ 3.20GHz with 16710936kB RAM
  INFO root [2021-09-30 15:55:52,065] - ThreadPool::createThreadPool: creating  threadpool...
  INFO root [2021-09-30 15:55:52,065] - ThreadPool::createThreadPool: successfully(2), newThreadCount=1, normalMaxThreadCount=2, maxThreadCount=8
  INFO root [2021-09-30 15:55:52,250] - Script::install(): is successfully, Python=(3.7.3 (default, Sep 29 2021, 14:52:32) [MSC v.1928 64 bit (AMD64)])!
  INFO root [2021-09-30 15:55:52,250] - Script::install(): KBExtra is successfully!
S_INFO root [2021-09-30 15:55:52,375] - onInterfaceAppReady: bootstrapGroupIndex=0, bootstrapGlobalIndex=0
  INFO root [2021-09-30 15:55:52,377] - TelnetServer server is running on port 33000
  INFO root [2021-09-30 15:55:52,605] - ---- interfaces is running ----
 DEBUG root [2021-09-30 15:55:52,605] - Components::process(): Request for the process of identity...
  INFO root [2021-09-30 15:55:58,811] - ServerApp::onRegisterNewApp: uid:12169, username:Administrator, componentType:dbmgr, componentID:4000, globalorderID=-1, grouporderID=-1, intaddr:192.168.31.145, intport:61140, extaddr:nonsupport, extport:0,  from 127.0.0.1:61143/0/0/0.
  INFO root [2021-09-30 15:55:58,811] - Components::addComponent: reset orderLog, uid=12169!
  INFO root [2021-09-30 15:55:58,811] - Components::addComponent[dbmgr], uid=12169, componentID=4000, globalorderid=1, grouporderid=1, totalcount=1
  INFO root [2021-09-30 15:55:59,882] - Components::process(): Found all the components!
S_INFO root [2021-09-30 15:56:35,248] - onRequestAccountLogin: registerName=d1
S_INFO root [2021-09-30 16:06:07,547] - onRequestAccountLogin: registerName=d2
S_INFO root [2021-09-30 16:09:42,195] - onRequestCreateAccount: registerName=d3
S_INFO root [2021-09-30 16:12:04,781] - onRequestAccountLogin: registerName=d4
  WARN root [2021-09-30 19:05:06,848] - TCPPacketReceiver::processPendingEvents(127.0.0.1:61143): Throwing REASON_GENERAL_NETWORK - WSAECONNRESET
  INFO root [2021-09-30 19:05:06,962] - Components::removeComponentByChannel: dbmgr : 4000, Normal exit!
