    INFO cellappmgr-1 12169 6000  [2021-09-29 17:39:40 346] - -----------------------------------------------------------------------------------------


    INFO cellappmgr-1 12169 6000  [2021-09-29 17:39:40 347] - Resmgr::initialize: KBE_ROOT=D:/UnrealEngineProject/kbengine-2.5.12/kbengine-2.5.12/
    INFO cellappmgr-1 12169 6000  [2021-09-29 17:39:40 347] - Resmgr::initialize: KBE_RES_PATH=D:/UnrealEngineProject/kbengine-2.5.12/kbengine-2.5.12/kbe/res/;D:/UnrealEngineProject/kbengine-2.5.12/kbengine-2.5.12/server_assets/;D:/UnrealEngineProject/kbengine-2.5.12/kbengine-2.5.12/server_assets/scripts/;D:/UnrealEngineProject/kbengine-2.5.12/kbengine-2.5.12/server_assets/res/
    INFO cellappmgr-1 12169 6000  [2021-09-29 17:39:40 347] - Resmgr::initialize: KBE_BIN_PATH=D:/UnrealEngineProject/kbengine-2.5.12/kbengine-2.5.12/kbe/bin/server/
    INFO cellappmgr-1 12169 6000  [2021-09-29 17:39:40 386] - NetworkInterface::initialize(INTERNAL-TCP): bound to all interfaces with default route interface on 192.168.31.145 ( 192.168.31.145:63504 )
    INFO cellappmgr-1 12169 6000  [2021-09-29 17:39:40 386] - NetworkInterface::initialize(INTERNAL-TCP): address 192.168.31.145:63504, SOMAXCONN=511.
    INFO cellappmgr-1 12169 6000  [2021-09-29 17:39:40 386] - server-configs:
    INFO cellappmgr-1 12169 6000  [2021-09-29 17:39:40 386] - 	internalTcpAddr : 192.168.31.145:63504
    INFO cellappmgr-1 12169 6000  [2021-09-29 17:39:40 386] - 	componentID : 6000
 WARNING cellappmgr-1 12169 6000  [2021-09-29 17:39:40 386] - invalid UID(0) <= 0, please check UID for environment! automatically set to 12169.
    INFO cellappmgr-1 12169 6000  [2021-09-29 17:39:40 485] - Components::findLogger: found logger, addr:192.168.31.145:63501
    INFO cellappmgr-1 12169 6000  [2021-09-29 17:39:40 485] - Components::addComponent: reset orderLog, uid=12169!
    INFO cellappmgr-1 12169 6000  [2021-09-29 17:39:40 486] - Components::addComponent[logger], uid=12169, componentID=2000, globalorderid=1, grouporderid=1, totalcount=1
    INFO cellappmgr-1 12169 6000  [2021-09-29 17:39:40 490] - ---- cellappmgr Version: 2.5.10. ScriptVersion: 0.1.0. Pythoncore: 3.7.3. Protocol: 5BD150375E8109EF4863A845CB8F8699. Config: Debug X64. Built: 14:52:54 Sep 29 2021. AppID: 6000. UID: 12169. PID: 19132 ----
    INFO cellappmgr-1 12169 6000  [2021-09-29 17:39:40 490] - Server Administrator: Intel(R) Core(TM) i7-8700 CPU @ 3.20GHz with 16710936kB RAM
    INFO cellappmgr-1 12169 6000  [2021-09-29 17:39:40 491] - ThreadPool::createThreadPool: creating  threadpool...
    INFO cellappmgr-1 12169 6000  [2021-09-29 17:39:40 491] - ThreadPool::createThreadPool: successfully(2), newThreadCount=1, normalMaxThreadCount=2, maxThreadCount=8
    INFO cellappmgr-1 12169 6000  [2021-09-29 17:39:40 769] - ---- cellappmgr is running ----
   DEBUG cellappmgr-1 12169 6000  [2021-09-29 17:39:40 770] - Components::process(): Request for the process of identity...
    INFO cellappmgr-1 12169 6000  [2021-09-29 17:39:47 992] - Components::findComponents: find dbmgr(1)...
    INFO cellappmgr-1 12169 6000  [2021-09-29 17:39:48 031] - Components::findComponents: found dbmgr, addr:192.168.31.145:63502
    INFO cellappmgr-1 12169 6000  [2021-09-29 17:39:48 031] - Components::addComponent: reset orderLog, uid=12169!
    INFO cellappmgr-1 12169 6000  [2021-09-29 17:39:48 031] - Components::addComponent[dbmgr], uid=12169, componentID=4000, globalorderid=1, grouporderid=1, totalcount=1
    INFO cellappmgr-1 12169 6000  [2021-09-29 17:39:48 033] - Components::findComponents: found dbmgr, addr:192.168.31.145:63502
    INFO cellappmgr-1 12169 6000  [2021-09-29 17:39:50 048] - Components::findComponents: find baseappmgr(1)...
    INFO cellappmgr-1 12169 6000  [2021-09-29 17:39:50 058] - Components::findComponents: found baseappmgr, addr:192.168.31.145:63503
    INFO cellappmgr-1 12169 6000  [2021-09-29 17:39:50 058] - Components::addComponent[baseappmgr], uid=12169, componentID=5000, globalorderid=2, grouporderid=1, totalcount=1
    INFO cellappmgr-1 12169 6000  [2021-09-29 17:39:50 059] - Components::findComponents: found baseappmgr, addr:192.168.31.145:63503
    INFO cellappmgr-1 12169 6000  [2021-09-29 17:39:52 092] - Components::findComponents: register self to dbmgr...
    INFO cellappmgr-1 12169 6000  [2021-09-29 17:39:52 112] - Components::findComponents: register self to baseappmgr...
    INFO cellappmgr-1 12169 6000  [2021-09-29 17:39:52 132] - Components::process(): Found all the components!
    INFO cellappmgr-1 12169 6000  [2021-09-29 17:39:53 541] - ServerApp::onRegisterNewApp: uid:12169, username:Administrator, componentType:baseappmgr, componentID:5000, globalorderID=-1, grouporderID=-1, intaddr:192.168.31.145, intport:63503, extaddr:nonsupport, extport:0,  from 192.168.31.145:49329/0/0/0.
    INFO cellappmgr-1 12169 6000  [2021-09-29 17:39:54 611] - ServerApp::onRegisterNewApp: uid:12169, username:Administrator, componentType:cellapp, componentID:8001, globalorderID=-1, grouporderID=-1, intaddr:192.168.31.145, intport:63508, extaddr:nonsupport, extport:0,  from 192.168.31.145:53202/0/0/0.
    INFO cellappmgr-1 12169 6000  [2021-09-29 17:39:54 611] - Components::addComponent[cellapp], uid=12169, componentID=8001, globalorderid=3, grouporderid=1, totalcount=1
    INFO cellappmgr-1 12169 6000  [2021-09-29 17:39:54 611] - Cellappmgr::getCellapp: added new cellapp(8001).
    INFO cellappmgr-1 12169 6000  [2021-09-29 17:39:54 756] - ServerApp::onRegisterNewApp: uid:12169, username:Administrator, componentType:baseapp, componentID:7001, globalorderID=-1, grouporderID=-1, intaddr:192.168.31.145, intport:63505, extaddr:192.168.31.145, extport:20015,  from 192.168.31.145:53207/0/0/0.
    INFO cellappmgr-1 12169 6000  [2021-09-29 17:39:54 756] - Components::addComponent[baseapp], uid=12169, componentID=7001, globalorderid=4, grouporderid=1, totalcount=1
    INFO cellappmgr-1 12169 6000  [2021-09-29 17:39:59 699] - Cellappmgr::onCellappInitProgress: cid=8001, progress=1.
   DEBUG cellappmgr-1 12169 6000  [2021-09-29 17:39:59 699] - Cellappmgr::addCellappComponentID: cellapp component id 8001, group order id 1
    INFO cellappmgr-1 12169 6000  [2021-09-29 17:40:52 123] - ServerApp::onChannelTimeOut: Channel 192.168.31.145:63503/0/0/0 timeout!
 WARNING cellappmgr-1 12169 6000  [2021-09-29 18:52:22 015] - TCPPacketReceiver::processPendingEvents(192.168.31.145:49329): Throwing REASON_GENERAL_NETWORK - WSAECONNRESET
   ERROR cellappmgr-1 12169 6000  [2021-09-29 18:52:22 017] - Components::removeComponentByChannel: baseappmgr : 5000, Abnormal exit(reason=TCPPacketReceiver::processRecv(): error=10054
)! Channel(timestamp=5100008800226, lastReceivedTime=5099891408586, inactivityExceptionPeriod=599500192)
    INFO cellappmgr-1 12169 6000  [2021-09-29 18:53:22 094] - ServerApp::onChannelTimeOut: Channel 192.168.31.145:63502/0/0/0 timeout!
   ERROR cellappmgr-1 12169 6000  [2021-09-29 18:53:22 095] - Components::removeComponentByChannel: dbmgr : 4000, Abnormal exit(reason=timedout)! Channel(timestamp=5100609588930, lastReceivedTime=5099890181446, inactivityExceptionPeriod=599500192)
    INFO cellappmgr-1 12169 6000  [2021-09-29 18:53:22 194] - Shutdowner::onShutdownBegin: shutting down(period=0, tickPeriod=1)
    INFO cellappmgr-1 12169 6000  [2021-09-29 18:53:22 194] - Shutdowner::onShutdown: shutting down
    INFO cellappmgr-1 12169 6000  [2021-09-29 18:53:22 194] - Shutdowner::onShutdownEnd: shutting down
   DEBUG cellappmgr-1 12169 6000  [2021-09-29 18:53:22 219] - ThreadPool::destroy(): starting size 2.
 WARNING cellappmgr-1 12169 6000  [2021-09-29 18:53:22 668] - ThreadPool::destroy(): waiting for thread(2)[0x19aa818d020,0x19aa818b9a0,], try=1
   DEBUG cellappmgr-1 12169 6000  [2021-09-29 18:53:23 082] - TPThread::~TPThread(): 0x19aa818d020
   DEBUG cellappmgr-1 12169 6000  [2021-09-29 18:53:23 082] - TPThread::~TPThread(): 0x19aa818b9a0
   DEBUG cellappmgr-1 12169 6000  [2021-09-29 18:53:23 082] - ThreadPool::destroy(): successfully!
   DEBUG cellappmgr-1 12169 6000  [2021-09-29 18:53:23 166] - Bundle::destroyObjPool(): size 6.
   DEBUG cellappmgr-1 12169 6000  [2021-09-29 18:53:23 166] - Channel::destroyObjPool(): size 13.
   DEBUG cellappmgr-1 12169 6000  [2021-09-29 18:53:23 167] - TCPPacket::destroyObjPool(): size 5.
   DEBUG cellappmgr-1 12169 6000  [2021-09-29 18:53:23 167] - UDPPacket::destroyObjPool(): size 6.
   DEBUG cellappmgr-1 12169 6000  [2021-09-29 18:53:23 167] - EndPoint::destroyObjPool(): size 13.
   DEBUG cellappmgr-1 12169 6000  [2021-09-29 18:53:23 167] - Address::destroyObjPool(): size 0.
   DEBUG cellappmgr-1 12169 6000  [2021-09-29 18:53:23 167] - TCPPacketReceiver::destroyObjPool(): size 0.
   DEBUG cellappmgr-1 12169 6000  [2021-09-29 18:53:23 167] - UDPPacketReceiver::destroyObjPool(): size 0.
    INFO cellappmgr-1 12169 6000  [2021-09-29 18:53:23 167] - cellappmgr(6000) has shut down.
    INFO cellappmgr-1 12169 6000  [2021-09-29 19:20:23 519] - -----------------------------------------------------------------------------------------


    INFO cellappmgr-1 12169 6000  [2021-09-29 19:20:23 520] - Resmgr::initialize: KBE_ROOT=D:/UnrealEngineProject/kbengine-2.5.12/kbengine-2.5.12/
    INFO cellappmgr-1 12169 6000  [2021-09-29 19:20:23 520] - Resmgr::initialize: KBE_RES_PATH=D:/UnrealEngineProject/kbengine-2.5.12/kbengine-2.5.12/kbe/res/;D:/UnrealEngineProject/kbengine-2.5.12/kbengine-2.5.12/server_assets/;D:/UnrealEngineProject/kbengine-2.5.12/kbengine-2.5.12/server_assets/scripts/;D:/UnrealEngineProject/kbengine-2.5.12/kbengine-2.5.12/server_assets/res/
    INFO cellappmgr-1 12169 6000  [2021-09-29 19:20:23 520] - Resmgr::initialize: KBE_BIN_PATH=D:/UnrealEngineProject/kbengine-2.5.12/kbengine-2.5.12/kbe/bin/server/
    INFO cellappmgr-1 12169 6000  [2021-09-29 19:20:23 558] - NetworkInterface::initialize(INTERNAL-TCP): bound to all interfaces with default route interface on 192.168.31.145 ( 192.168.31.145:50943 )
    INFO cellappmgr-1 12169 6000  [2021-09-29 19:20:23 558] - NetworkInterface::initialize(INTERNAL-TCP): address 192.168.31.145:50943, SOMAXCONN=511.
    INFO cellappmgr-1 12169 6000  [2021-09-29 19:20:23 559] - server-configs:
    INFO cellappmgr-1 12169 6000  [2021-09-29 19:20:23 559] - 	internalTcpAddr : 192.168.31.145:50943
    INFO cellappmgr-1 12169 6000  [2021-09-29 19:20:23 559] - 	componentID : 6000
 WARNING cellappmgr-1 12169 6000  [2021-09-29 19:20:23 559] - invalid UID(0) <= 0, please check UID for environment! automatically set to 12169.
    INFO cellappmgr-1 12169 6000  [2021-09-29 19:20:23 597] - Components::findLogger: found logger, addr:192.168.31.145:50938
    INFO cellappmgr-1 12169 6000  [2021-09-29 19:20:23 597] - Components::addComponent: reset orderLog, uid=12169!
    INFO cellappmgr-1 12169 6000  [2021-09-29 19:20:23 597] - Components::addComponent[logger], uid=12169, componentID=2000, globalorderid=1, grouporderid=1, totalcount=1
    INFO cellappmgr-1 12169 6000  [2021-09-29 19:20:23 601] - ---- cellappmgr Version: 2.5.10. ScriptVersion: 0.1.0. Pythoncore: 3.7.3. Protocol: 5BD150375E8109EF4863A845CB8F8699. Config: Debug X64. Built: 14:52:54 Sep 29 2021. AppID: 6000. UID: 12169. PID: 3880 ----
    INFO cellappmgr-1 12169 6000  [2021-09-29 19:20:23 601] - Server Administrator: Intel(R) Core(TM) i7-8700 CPU @ 3.20GHz with 16710936kB RAM
    INFO cellappmgr-1 12169 6000  [2021-09-29 19:20:23 601] - ThreadPool::createThreadPool: creating  threadpool...
    INFO cellappmgr-1 12169 6000  [2021-09-29 19:20:23 602] - ThreadPool::createThreadPool: successfully(2), newThreadCount=1, normalMaxThreadCount=2, maxThreadCount=8
    INFO cellappmgr-1 12169 6000  [2021-09-29 19:20:23 886] - ---- cellappmgr is running ----
   DEBUG cellappmgr-1 12169 6000  [2021-09-29 19:20:23 887] - Components::process(): Request for the process of identity...
    INFO cellappmgr-1 12169 6000  [2021-09-29 19:20:31 003] - Components::findComponents: find dbmgr(1)...
    INFO cellappmgr-1 12169 6000  [2021-09-29 19:20:33 043] - Components::findComponents: find dbmgr(2)...
    INFO cellappmgr-1 12169 6000  [2021-09-29 19:20:35 063] - Components::findComponents: find dbmgr(3)...
    INFO cellappmgr-1 12169 6000  [2021-09-29 19:20:37 083] - Components::findComponents: find dbmgr(4)...
    INFO cellappmgr-1 12169 6000  [2021-09-29 19:20:39 104] - Components::findComponents: find dbmgr(5)...
    INFO cellappmgr-1 12169 6000  [2021-09-29 19:20:41 121] - Components::findComponents: find dbmgr(6)...
    INFO cellappmgr-1 12169 6000  [2021-09-29 19:20:43 143] - Components::findComponents: find dbmgr(7)...
    INFO cellappmgr-1 12169 6000  [2021-09-29 19:20:45 163] - Components::findComponents: find dbmgr(8)...
    INFO cellappmgr-1 12169 6000  [2021-09-29 19:20:47 184] - Components::findComponents: find dbmgr(9)...
    INFO cellappmgr-1 12169 6000  [2021-09-29 19:20:49 303] - Components::findComponents: find dbmgr(10)...
    INFO cellappmgr-1 12169 6000  [2021-09-29 19:20:51 421] - Components::findComponents: find dbmgr(11)...
    INFO cellappmgr-1 12169 6000  [2021-09-29 19:20:53 444] - Components::findComponents: find dbmgr(12)...
 WARNING cellappmgr-1 12169 6000  [2021-09-29 19:20:53 781] - BundleBroadcast::BundleBroadcast: Cannot bind to port 20350, errorno=10048
    INFO cellappmgr-1 12169 6000  [2021-09-29 19:20:54 783] - Components::findComponents: find dbmgr(13)...
    INFO cellappmgr-1 12169 6000  [2021-09-29 19:20:56 863] - Components::findComponents: find dbmgr(14)...
    INFO cellappmgr-1 12169 6000  [2021-09-29 19:20:58 883] - Components::findComponents: find dbmgr(15)...
    INFO cellappmgr-1 12169 6000  [2021-09-29 19:21:00 903] - Components::findComponents: find dbmgr(16)...
 WARNING cellappmgr-1 12169 6000  [2021-09-29 19:21:02 921] - Components::findComponents: find dbmgr(17)...
delay time is too long, please check the dbmgr logs!
 WARNING cellappmgr-1 12169 6000  [2021-09-29 19:21:04 943] - Components::findComponents: find dbmgr(18)...
delay time is too long, please check the dbmgr logs!
 WARNING cellappmgr-1 12169 6000  [2021-09-29 19:21:06 963] - Components::findComponents: find dbmgr(19)...
delay time is too long, please check the dbmgr logs!
 WARNING cellappmgr-1 12169 6000  [2021-09-29 19:21:08 983] - Components::findComponents: find dbmgr(20)...
delay time is too long, please check the dbmgr logs!
 WARNING cellappmgr-1 12169 6000  [2021-09-29 19:21:11 003] - Components::findComponents: find dbmgr(21)...
delay time is too long, please check the dbmgr logs!
 WARNING cellappmgr-1 12169 6000  [2021-09-29 19:21:13 044] - Components::findComponents: find dbmgr(22)...
delay time is too long, please check the dbmgr logs!
 WARNING cellappmgr-1 12169 6000  [2021-09-29 19:21:15 163] - Components::findComponents: find dbmgr(23)...
delay time is too long, please check the dbmgr logs!
 WARNING cellappmgr-1 12169 6000  [2021-09-29 19:21:17 283] - Components::findComponents: find dbmgr(24)...
delay time is too long, please check the dbmgr logs!
 WARNING cellappmgr-1 12169 6000  [2021-09-29 19:21:19 403] - Components::findComponents: find dbmgr(25)...
delay time is too long, please check the dbmgr logs!
 WARNING cellappmgr-1 12169 6000  [2021-09-29 19:21:21 521] - Components::findComponents: find dbmgr(26)...
delay time is too long, please check the dbmgr logs!
 WARNING cellappmgr-1 12169 6000  [2021-09-29 19:21:23 543] - Components::findComponents: find dbmgr(27)...
delay time is too long, please check the dbmgr logs!
 WARNING cellappmgr-1 12169 6000  [2021-09-29 19:21:25 564] - Components::findComponents: find dbmgr(28)...
delay time is too long, please check the dbmgr logs!
 WARNING cellappmgr-1 12169 6000  [2021-09-29 19:21:27 583] - Components::findComponents: find dbmgr(29)...
delay time is too long, please check the dbmgr logs!
 WARNING cellappmgr-1 12169 6000  [2021-09-29 19:21:29 603] - Components::findComponents: find dbmgr(30)...
delay time is too long, please check the dbmgr logs!
 WARNING cellappmgr-1 12169 6000  [2021-09-29 19:21:31 620] - Components::findComponents: find dbmgr(31)...
delay time is too long, please check the dbmgr logs!
 WARNING cellappmgr-1 12169 6000  [2021-09-29 19:21:33 643] - Components::findComponents: find dbmgr(32)...
delay time is too long, please check the dbmgr logs!
 WARNING cellappmgr-1 12169 6000  [2021-09-29 19:21:35 763] - Components::findComponents: find dbmgr(33)...
delay time is too long, please check the dbmgr logs!
 WARNING cellappmgr-1 12169 6000  [2021-09-29 19:21:37 884] - Components::findComponents: find dbmgr(34)...
delay time is too long, please check the dbmgr logs!
    INFO cellappmgr-1 12169 6000  [2021-09-29 19:21:45 505] - -----------------------------------------------------------------------------------------


    INFO cellappmgr-1 12169 6000  [2021-09-29 19:21:45 506] - Resmgr::initialize: KBE_ROOT=D:/UnrealEngineProject/kbengine-2.5.12/kbengine-2.5.12/
    INFO cellappmgr-1 12169 6000  [2021-09-29 19:21:45 506] - Resmgr::initialize: KBE_RES_PATH=D:/UnrealEngineProject/kbengine-2.5.12/kbengine-2.5.12/kbe/res/;D:/UnrealEngineProject/kbengine-2.5.12/kbengine-2.5.12/server_assets/;D:/UnrealEngineProject/kbengine-2.5.12/kbengine-2.5.12/server_assets/scripts/;D:/UnrealEngineProject/kbengine-2.5.12/kbengine-2.5.12/server_assets/res/
    INFO cellappmgr-1 12169 6000  [2021-09-29 19:21:45 506] - Resmgr::initialize: KBE_BIN_PATH=D:/UnrealEngineProject/kbengine-2.5.12/kbengine-2.5.12/kbe/bin/server/
    INFO cellappmgr-1 12169 6000  [2021-09-29 19:21:45 542] - NetworkInterface::initialize(INTERNAL-TCP): bound to all interfaces with default route interface on 192.168.31.145 ( 192.168.31.145:51018 )
    INFO cellappmgr-1 12169 6000  [2021-09-29 19:21:45 542] - NetworkInterface::initialize(INTERNAL-TCP): address 192.168.31.145:51018, SOMAXCONN=511.
    INFO cellappmgr-1 12169 6000  [2021-09-29 19:21:45 542] - server-configs:
    INFO cellappmgr-1 12169 6000  [2021-09-29 19:21:45 542] - 	internalTcpAddr : 192.168.31.145:51018
    INFO cellappmgr-1 12169 6000  [2021-09-29 19:21:45 542] - 	componentID : 6000
 WARNING cellappmgr-1 12169 6000  [2021-09-29 19:21:45 543] - invalid UID(0) <= 0, please check UID for environment! automatically set to 12169.
    INFO cellappmgr-1 12169 6000  [2021-09-29 19:21:45 602] - Components::findLogger: found logger, addr:192.168.31.145:51014
    INFO cellappmgr-1 12169 6000  [2021-09-29 19:21:45 602] - Components::addComponent: reset orderLog, uid=12169!
    INFO cellappmgr-1 12169 6000  [2021-09-29 19:21:45 602] - Components::addComponent[logger], uid=12169, componentID=2000, globalorderid=1, grouporderid=1, totalcount=1
    INFO cellappmgr-1 12169 6000  [2021-09-29 19:21:45 607] - ---- cellappmgr Version: 2.5.10. ScriptVersion: 0.1.0. Pythoncore: 3.7.3. Protocol: 5BD150375E8109EF4863A845CB8F8699. Config: Debug X64. Built: 14:52:54 Sep 29 2021. AppID: 6000. UID: 12169. PID: 4176 ----
    INFO cellappmgr-1 12169 6000  [2021-09-29 19:21:45 607] - Server Administrator: Intel(R) Core(TM) i7-8700 CPU @ 3.20GHz with 16710936kB RAM
    INFO cellappmgr-1 12169 6000  [2021-09-29 19:21:45 607] - ThreadPool::createThreadPool: creating  threadpool...
    INFO cellappmgr-1 12169 6000  [2021-09-29 19:21:45 608] - ThreadPool::createThreadPool: successfully(2), newThreadCount=1, normalMaxThreadCount=2, maxThreadCount=8
    INFO cellappmgr-1 12169 6000  [2021-09-29 19:21:45 880] - ---- cellappmgr is running ----
   DEBUG cellappmgr-1 12169 6000  [2021-09-29 19:21:45 881] - Components::process(): Request for the process of identity...
    INFO cellappmgr-1 12169 6000  [2021-09-29 19:21:53 008] - Components::findComponents: find dbmgr(1)...
    INFO cellappmgr-1 12169 6000  [2021-09-29 19:21:55 028] - Components::findComponents: find dbmgr(2)...
    INFO cellappmgr-1 12169 6000  [2021-09-29 19:21:57 049] - Components::findComponents: find dbmgr(3)...
 WARNING cellappmgr-1 12169 6000  [2021-09-29 19:21:57 384] - BundleBroadcast::BundleBroadcast: Cannot bind to port 20697, errorno=10048
    INFO cellappmgr-1 12169 6000  [2021-09-29 19:21:58 389] - Components::findComponents: find dbmgr(4)...
 WARNING cellappmgr-1 12169 6000  [2021-09-29 19:21:58 726] - BundleBroadcast::BundleBroadcast: Cannot bind to port 20086, errorno=10048
    INFO cellappmgr-1 12169 6000  [2021-09-29 19:21:59 729] - Components::findComponents: find dbmgr(5)...
    INFO cellappmgr-1 12169 6000  [2021-09-29 19:22:01 788] - Components::findComponents: find dbmgr(6)...
    INFO cellappmgr-1 12169 6000  [2021-09-29 19:22:03 808] - Components::findComponents: find dbmgr(7)...
